<?xml version="1.0" encoding="UTF-8"?>
<!-- Generated by org.testng.reporters.JUnitXMLReporter -->
<testsuite ignored="0" hostname="NitikaLaptop-7A4OFMP0" failures="1" tests="4" name="Test" time="51.916" errors="0" timestamp="2021-01-08T16:38:48 EST">
  <testcase classname="nitikag.Selenium.ValiDateTitleTest" name="basePageNavigation" time="0.063">
    <failure type="java.lang.AssertionError" message="expected [FEATURED COURSES123] but found [FEATURED COURSES]">
      <![CDATA[java.lang.AssertionError: expected [FEATURED COURSES123] but found [FEATURED COURSES]
at nitikag.Selenium.ValiDateTitleTest.basePageNavigation(ValiDateTitleTest.java:34)
at java.base/java.util.ArrayList.forEach(ArrayList.java:1511)
... Removed 33 stack frames]]>
    </failure>
  </testcase> <!-- basePageNavigation -->
  <testcase classname="nitikag.Selenium.ValidateNavigationBarTest" name="basePageNavigation" time="0.092"/>
  <testcase classname="nitikag.Selenium.HomePageTest" name="basePageNavigation" time="13.945"/>
  <testcase classname="nitikag.Selenium.HomePageTest" name="basePageNavigation" time="12.512"/>
</testsuite> <!-- Test -->
