<!DOCTYPE html PUBLIC "-//W3C//DTD XHTML 1.1//EN" "https://www.w3.org/TR/xhtml11/DTD/xhtml11.dtd">
<html xmlns="https://www.w3.org/1999/xhtml">
<head>
<meta http-equiv="content-type" content="text/html; charset=UTF-8"/>
<title>TestNG Report</title>
<style type="text/css">table {margin-bottom:10px;border-collapse:collapse;empty-cells:show}th,td {border:1px solid #009;padding:.25em .5em}th {vertical-align:bottom}td {vertical-align:top}table a {font-weight:bold}.stripe td {background-color: #E6EBF9}.num {text-align:right}.passedodd td {background-color: #3F3}.passedeven td {background-color: #0A0}.skippedodd td {background-color: #DDD}.skippedeven td {background-color: #CCC}.failedodd td,.attn {background-color: #F33}.failedeven td,.stripe .attn {background-color: #D00}.stacktrace {white-space:pre;font-family:monospace}.totop {font-size:85%;text-align:center;border-bottom:2px solid #000}.invisible {display:none}</style>
</head>
<body>
<table>
<tr><th>Test</th><th># Passed</th><th># Skipped</th><th># Retried</th><th># Failed</th><th>Time (ms)</th><th>Included Groups</th><th>Excluded Groups</th></tr>
<tr><th colspan="8">Suite</th></tr>
<tr><td><a href="#t0">App Testing</a></td><td class="num">0</td><td class="num">0</td><td class="num">0</td><td class="num">0</td><td class="num">4</td><td></td><td></td></tr>
<tr class="stripe"><td><a href="#t1">Validating title in the page</a></td><td class="num">0</td><td class="num">0</td><td class="num">0</td><td class="num attn">2</td><td class="num">10,423</td><td></td><td></td></tr>
<tr><td><a href="#t2">Validating Navigation bar</a></td><td class="num">1</td><td class="num">0</td><td class="num">0</td><td class="num">0</td><td class="num">16,240</td><td></td><td></td></tr>
<tr class="stripe"><td><a href="#t3">Validating User Login</a></td><td class="num">2</td><td class="num">0</td><td class="num">0</td><td class="num">0</td><td class="num">29,888</td><td></td><td></td></tr>
<tr><th>Total</th><th class="num">3</th><th class="num">0</th><th class="num">0</th><th class="num attn">2</th><th class="num">56,555</th><th colspan="2"></th></tr>
</table>
<table id='summary'><thead><tr><th>Class</th><th>Method</th><th>Start</th><th>Time (ms)</th></tr></thead><tbody><tr><th colspan="4">Suite</th></tr></tbody><tbody id="t0"><tr><th colspan="4" class="invisible"/></tr></tbody>
<tbody id="t1"><tr><th colspan="4">Validating title in the page &#8212; failed</th></tr><tr class="failedeven"><td rowspan="2">nitikag.Selenium.ValiDateTitleTest</td><td><a href="#m0">basePageNavigation</a></td><td rowspan="1">1610640229188</td><td rowspan="1">38</td></tr><tr class="failedeven"><td><a href="#m1">validateHeader</a></td><td rowspan="1">1610640229705</td><td rowspan="1">23</td></tr></tbody>
<tbody id="t2"><tr><th colspan="4">Validating Navigation bar &#8212; passed</th></tr><tr class="passedeven"><td rowspan="1">nitikag.Selenium.ValidateNavigationBarTest</td><td><a href="#m2">basePageNavigation</a></td><td rowspan="1">1610640235926</td><td rowspan="1">40</td></tr></tbody>
<tbody id="t3"><tr><th colspan="4">Validating User Login &#8212; passed</th></tr><tr class="passedeven"><td rowspan="2">nitikag.Selenium.HomePageTest</td><td><a href="#m3">basePageNavigation</a></td><td rowspan="2">1610640224258</td><td rowspan="2">13127</td></tr><tr class="passedeven"><td><a href="#m4">basePageNavigation</a></td></tr></tbody>
</table>
<h2>App Testing</h2><h2>Validating title in the page</h2><h3 id="m0">nitikag.Selenium.ValiDateTitleTest#basePageNavigation</h3><table class="result"><tr><th>Exception</th></tr><tr><td><div class="stacktrace">java.lang.AssertionError: expected [FEATURED COURSES123] but found [FEATURED COURSES]
	at nitikag.Selenium.ValiDateTitleTest.basePageNavigation(ValiDateTitleTest.java:43)
	at java.base/java.util.ArrayList.forEach(ArrayList.java:1511)
	at java.base/java.util.concurrent.FutureTask.run(FutureTask.java:264)
	at java.base/java.util.concurrent.ThreadPoolExecutor.runWorker(ThreadPoolExecutor.java:1130)
	at java.base/java.util.concurrent.ThreadPoolExecutor$Worker.run(ThreadPoolExecutor.java:630)
	at java.base/java.lang.Thread.run(Thread.java:832)
... Removed 24 stack frames</div></td></tr></table><p class="totop"><a href="#summary">back to summary</a></p>
<h3 id="m1">nitikag.Selenium.ValiDateTitleTest#validateHeader</h3><table class="result"><tr><th>Exception</th></tr><tr><td><div class="stacktrace">java.lang.AssertionError: expected [An Academy to learn Everything about Testing] but found [AN ACADEMY TO LEARN EVERYTHING ABOUT TESTING]
	at nitikag.Selenium.ValiDateTitleTest.validateHeader(ValiDateTitleTest.java:50)
	at java.base/java.util.ArrayList.forEach(ArrayList.java:1511)
	at java.base/java.util.concurrent.FutureTask.run(FutureTask.java:264)
	at java.base/java.util.concurrent.ThreadPoolExecutor.runWorker(ThreadPoolExecutor.java:1130)
	at java.base/java.util.concurrent.ThreadPoolExecutor$Worker.run(ThreadPoolExecutor.java:630)
	at java.base/java.lang.Thread.run(Thread.java:832)
... Removed 24 stack frames</div></td></tr></table><p class="totop"><a href="#summary">back to summary</a></p>
<h2>Validating Navigation bar</h2><h3 id="m2">nitikag.Selenium.ValidateNavigationBarTest#basePageNavigation</h3><table class="result"><tr><th class="invisible"/></tr></table><p class="totop"><a href="#summary">back to summary</a></p>
<h2>Validating User Login</h2><h3 id="m3">nitikag.Selenium.HomePageTest#basePageNavigation</h3><table class="result"><tr class="param"><th>Parameter #1</th><th>Parameter #2</th><th>Parameter #3</th></tr><tr class="param stripe"><td>nonrestricteduser@qwerty.com</td><td>12345</td><td>Restricted User</td></tr></table><p class="totop"><a href="#summary">back to summary</a></p>
<h3 id="m4">nitikag.Selenium.HomePageTest#basePageNavigation</h3><table class="result"><tr class="param"><th>Parameter #1</th><th>Parameter #2</th><th>Parameter #3</th></tr><tr class="param stripe"><td>restricteduser@qwerty.com</td><td>45678</td><td>Non Restricted User</td></tr></table><p class="totop"><a href="#summary">back to summary</a></p>
</body>
</html>
