<?xml version="1.0" encoding="UTF-8"?>
<testng-results ignored="0" total="5" passed="3" failed="2" skipped="0">
  <reporter-output>
  </reporter-output>
  <suite started-at="2021-01-14T11:03:39 EST" name="Suite" finished-at="2021-01-14T11:04:09 EST" duration-ms="29888">
    <groups>
    </groups>
    <test started-at="2021-01-14T11:03:39 EST" name="App Testing" finished-at="2021-01-14T11:03:39 EST" duration-ms="4">
    </test> <!-- App Testing -->
    <test started-at="2021-01-14T11:03:39 EST" name="Validating title in the page" finished-at="2021-01-14T11:03:50 EST" duration-ms="10423">
      <class name="nitikag.Selenium.ValiDateTitleTest">
        <test-method is-config="true" signature="initialize()[pri:0, instance:nitikag.Selenium.ValiDateTitleTest@1de5f259]" started-at="2021-01-14T11:03:39 EST" name="initialize" finished-at="2021-01-14T11:03:49 EST" duration-ms="9399" status="PASS">
          <reporter-output>
          </reporter-output>
        </test-method> <!-- initialize -->
        <test-method signature="basePageNavigation()[pri:0, instance:nitikag.Selenium.ValiDateTitleTest@1de5f259]" started-at="2021-01-14T11:03:49 EST" name="basePageNavigation" finished-at="2021-01-14T11:03:49 EST" duration-ms="38" status="FAIL">
          <exception class="java.lang.AssertionError">
            <message>
              <![CDATA[expected [FEATURED COURSES123] but found [FEATURED COURSES]]]>
            </message>
            <full-stacktrace>
              <![CDATA[java.lang.AssertionError: expected [FEATURED COURSES123] but found [FEATURED COURSES]
at org.testng.Assert.fail(Assert.java:99)
at org.testng.Assert.failNotEquals(Assert.java:1037)
at org.testng.Assert.assertEqualsImpl(Assert.java:140)
at org.testng.Assert.assertEquals(Assert.java:122)
at org.testng.Assert.assertEquals(Assert.java:629)
at org.testng.Assert.assertEquals(Assert.java:639)
at nitikag.Selenium.ValiDateTitleTest.basePageNavigation(ValiDateTitleTest.java:43)
at java.base/jdk.internal.reflect.NativeMethodAccessorImpl.invoke0(Native Method)
at java.base/jdk.internal.reflect.NativeMethodAccessorImpl.invoke(NativeMethodAccessorImpl.java:64)
at java.base/jdk.internal.reflect.DelegatingMethodAccessorImpl.invoke(DelegatingMethodAccessorImpl.java:43)
at java.base/java.lang.reflect.Method.invoke(Method.java:564)
at org.testng.internal.MethodInvocationHelper.invokeMethod(MethodInvocationHelper.java:132)
at org.testng.internal.TestInvoker.invokeMethod(TestInvoker.java:599)
at org.testng.internal.TestInvoker.invokeTestMethod(TestInvoker.java:174)
at org.testng.internal.MethodRunner.runInSequence(MethodRunner.java:46)
at org.testng.internal.TestInvoker$MethodInvocationAgent.invoke(TestInvoker.java:822)
at org.testng.internal.TestInvoker.invokeTestMethods(TestInvoker.java:147)
at org.testng.internal.TestMethodWorker.invokeTestMethods(TestMethodWorker.java:146)
at org.testng.internal.TestMethodWorker.run(TestMethodWorker.java:128)
at java.base/java.util.ArrayList.forEach(ArrayList.java:1511)
at org.testng.TestRunner.privateRun(TestRunner.java:764)
at org.testng.TestRunner.run(TestRunner.java:585)
at org.testng.SuiteRunner.runTest(SuiteRunner.java:384)
at org.testng.SuiteRunner.access$000(SuiteRunner.java:28)
at org.testng.SuiteRunner$SuiteWorker.run(SuiteRunner.java:425)
at org.testng.internal.thread.ThreadUtil.lambda$execute$0(ThreadUtil.java:66)
at java.base/java.util.concurrent.FutureTask.run(FutureTask.java:264)
at java.base/java.util.concurrent.ThreadPoolExecutor.runWorker(ThreadPoolExecutor.java:1130)
at java.base/java.util.concurrent.ThreadPoolExecutor$Worker.run(ThreadPoolExecutor.java:630)
at java.base/java.lang.Thread.run(Thread.java:832)
]]>
            </full-stacktrace>
          </exception> <!-- java.lang.AssertionError -->
          <reporter-output>
          </reporter-output>
        </test-method> <!-- basePageNavigation -->
        <test-method signature="validateHeader()[pri:0, instance:nitikag.Selenium.ValiDateTitleTest@1de5f259]" started-at="2021-01-14T11:03:49 EST" name="validateHeader" finished-at="2021-01-14T11:03:49 EST" duration-ms="23" status="FAIL">
          <exception class="java.lang.AssertionError">
            <message>
              <![CDATA[expected [An Academy to learn Everything about Testing] but found [AN ACADEMY TO LEARN EVERYTHING ABOUT TESTING]]]>
            </message>
            <full-stacktrace>
              <![CDATA[java.lang.AssertionError: expected [An Academy to learn Everything about Testing] but found [AN ACADEMY TO LEARN EVERYTHING ABOUT TESTING]
at org.testng.Assert.fail(Assert.java:99)
at org.testng.Assert.failNotEquals(Assert.java:1037)
at org.testng.Assert.assertEqualsImpl(Assert.java:140)
at org.testng.Assert.assertEquals(Assert.java:122)
at org.testng.Assert.assertEquals(Assert.java:629)
at org.testng.Assert.assertEquals(Assert.java:639)
at nitikag.Selenium.ValiDateTitleTest.validateHeader(ValiDateTitleTest.java:50)
at java.base/jdk.internal.reflect.NativeMethodAccessorImpl.invoke0(Native Method)
at java.base/jdk.internal.reflect.NativeMethodAccessorImpl.invoke(NativeMethodAccessorImpl.java:64)
at java.base/jdk.internal.reflect.DelegatingMethodAccessorImpl.invoke(DelegatingMethodAccessorImpl.java:43)
at java.base/java.lang.reflect.Method.invoke(Method.java:564)
at org.testng.internal.MethodInvocationHelper.invokeMethod(MethodInvocationHelper.java:132)
at org.testng.internal.TestInvoker.invokeMethod(TestInvoker.java:599)
at org.testng.internal.TestInvoker.invokeTestMethod(TestInvoker.java:174)
at org.testng.internal.MethodRunner.runInSequence(MethodRunner.java:46)
at org.testng.internal.TestInvoker$MethodInvocationAgent.invoke(TestInvoker.java:822)
at org.testng.internal.TestInvoker.invokeTestMethods(TestInvoker.java:147)
at org.testng.internal.TestMethodWorker.invokeTestMethods(TestMethodWorker.java:146)
at org.testng.internal.TestMethodWorker.run(TestMethodWorker.java:128)
at java.base/java.util.ArrayList.forEach(ArrayList.java:1511)
at org.testng.TestRunner.privateRun(TestRunner.java:764)
at org.testng.TestRunner.run(TestRunner.java:585)
at org.testng.SuiteRunner.runTest(SuiteRunner.java:384)
at org.testng.SuiteRunner.access$000(SuiteRunner.java:28)
at org.testng.SuiteRunner$SuiteWorker.run(SuiteRunner.java:425)
at org.testng.internal.thread.ThreadUtil.lambda$execute$0(ThreadUtil.java:66)
at java.base/java.util.concurrent.FutureTask.run(FutureTask.java:264)
at java.base/java.util.concurrent.ThreadPoolExecutor.runWorker(ThreadPoolExecutor.java:1130)
at java.base/java.util.concurrent.ThreadPoolExecutor$Worker.run(ThreadPoolExecutor.java:630)
at java.base/java.lang.Thread.run(Thread.java:832)
]]>
            </full-stacktrace>
          </exception> <!-- java.lang.AssertionError -->
          <reporter-output>
          </reporter-output>
        </test-method> <!-- validateHeader -->
        <test-method is-config="true" signature="teardown()[pri:0, instance:nitikag.Selenium.ValiDateTitleTest@1de5f259]" started-at="2021-01-14T11:03:50 EST" name="teardown" finished-at="2021-01-14T11:03:50 EST" duration-ms="39" status="PASS">
          <reporter-output>
          </reporter-output>
        </test-method> <!-- teardown -->
      </class> <!-- nitikag.Selenium.ValiDateTitleTest -->
    </test> <!-- Validating title in the page -->
    <test started-at="2021-01-14T11:03:39 EST" name="Validating Navigation bar" finished-at="2021-01-14T11:03:56 EST" duration-ms="16240">
      <class name="nitikag.Selenium.ValidateNavigationBarTest">
        <test-method is-config="true" signature="initialize()[pri:0, instance:nitikag.Selenium.ValidateNavigationBarTest@36916eb0]" started-at="2021-01-14T11:03:39 EST" name="initialize" finished-at="2021-01-14T11:03:55 EST" duration-ms="16137" status="PASS">
          <reporter-output>
          </reporter-output>
        </test-method> <!-- initialize -->
        <test-method signature="basePageNavigation()[pri:0, instance:nitikag.Selenium.ValidateNavigationBarTest@36916eb0]" started-at="2021-01-14T11:03:55 EST" name="basePageNavigation" finished-at="2021-01-14T11:03:55 EST" duration-ms="40" status="PASS">
          <reporter-output>
          </reporter-output>
        </test-method> <!-- basePageNavigation -->
        <test-method is-config="true" signature="teardown()[pri:0, instance:nitikag.Selenium.ValidateNavigationBarTest@36916eb0]" started-at="2021-01-14T11:03:55 EST" name="teardown" finished-at="2021-01-14T11:03:56 EST" duration-ms="61" status="PASS">
          <reporter-output>
          </reporter-output>
        </test-method> <!-- teardown -->
      </class> <!-- nitikag.Selenium.ValidateNavigationBarTest -->
    </test> <!-- Validating Navigation bar -->
    <test started-at="2021-01-14T11:03:39 EST" name="Validating User Login" finished-at="2021-01-14T11:04:09 EST" duration-ms="29888">
      <class name="nitikag.Selenium.HomePageTest">
        <test-method is-config="true" signature="initialize()[pri:0, instance:nitikag.Selenium.HomePageTest@4b8ee4de]" started-at="2021-01-14T11:03:39 EST" name="initialize" finished-at="2021-01-14T11:03:44 EST" duration-ms="4449" status="PASS">
          <reporter-output>
          </reporter-output>
        </test-method> <!-- initialize -->
        <test-method signature="basePageNavigation(java.lang.String, java.lang.String, java.lang.String)[pri:0, instance:nitikag.Selenium.HomePageTest@4b8ee4de]" started-at="2021-01-14T11:03:44 EST" name="basePageNavigation" data-provider="getData" finished-at="2021-01-14T11:03:57 EST" duration-ms="13127" status="PASS">
          <params>
            <param index="0">
              <value>
                <![CDATA[nonrestricteduser@qwerty.com]]>
              </value>
            </param>
            <param index="1">
              <value>
                <![CDATA[12345]]>
              </value>
            </param>
            <param index="2">
              <value>
                <![CDATA[Restricted User]]>
              </value>
            </param>
          </params>
          <reporter-output>
          </reporter-output>
        </test-method> <!-- basePageNavigation -->
        <test-method signature="basePageNavigation(java.lang.String, java.lang.String, java.lang.String)[pri:0, instance:nitikag.Selenium.HomePageTest@4b8ee4de]" started-at="2021-01-14T11:03:57 EST" name="basePageNavigation" data-provider="getData" finished-at="2021-01-14T11:04:09 EST" duration-ms="12245" status="PASS">
          <params>
            <param index="0">
              <value>
                <![CDATA[restricteduser@qwerty.com]]>
              </value>
            </param>
            <param index="1">
              <value>
                <![CDATA[45678]]>
              </value>
            </param>
            <param index="2">
              <value>
                <![CDATA[Non Restricted User]]>
              </value>
            </param>
          </params>
          <reporter-output>
          </reporter-output>
        </test-method> <!-- basePageNavigation -->
        <test-method is-config="true" signature="teardown()[pri:0, instance:nitikag.Selenium.HomePageTest@4b8ee4de]" started-at="2021-01-14T11:04:09 EST" name="teardown" finished-at="2021-01-14T11:04:09 EST" duration-ms="45" status="PASS">
          <reporter-output>
          </reporter-output>
        </test-method> <!-- teardown -->
      </class> <!-- nitikag.Selenium.HomePageTest -->
    </test> <!-- Validating User Login -->
  </suite> <!-- Suite -->
</testng-results>
